<?xml version="1.0" encoding="UTF-8"?>
<testsuite xmlns:xsi="http://www.w3.org/2001/XMLSchema-instance" xsi:noNamespaceSchemaLocation="https://maven.apache.org/surefire/maven-surefire-plugin/xsd/surefire-test-report-3.0.xsd" version="3.0" name="com.johnnette.AppTest" time="0.04" tests="1" errors="0" skipped="0" failures="0">
  <properties>
    <property name="java.specification.version" value="21"/>
    <property name="sun.cpu.isalist" value="amd64"/>
    <property name="sun.jnu.encoding" value="Cp1252"/>
    <property name="java.class.path" value="C:\Users\JTPL-DES-032\connection\connection\target\test-classes;C:\Users\JTPL-DES-032\connection\connection\target\classes;C:\Users\JTPL-DES-032\.m2\repository\junit\junit\4.13.1\junit-4.13.1.jar;C:\Users\JTPL-DES-032\.m2\repository\org\hamcrest\hamcrest-core\1.3\hamcrest-core-1.3.jar;C:\Users\JTPL-DES-032\.m2\repository\io\dronefleet\mavlink\mavlink\1.1.11\mavlink-1.1.11.jar;C:\Users\JTPL-DES-032\.m2\repository\io\dronefleet\mavlink\mavlink-protocol\1.1.11\mavlink-protocol-1.1.11.jar;C:\Users\JTPL-DES-032\.m2\repository\org\json\json\20231013\json-20231013.jar;"/>
    <property name="java.vm.vendor" value="Oracle Corporation"/>
    <property name="sun.arch.data.model" value="64"/>
    <property name="user.variant" value=""/>
    <property name="java.vendor.url" value="https://java.oracle.com/"/>
    <property name="user.timezone" value="Asia/Calcutta"/>
    <property name="os.name" value="Windows 11"/>
    <property name="java.vm.specification.version" value="21"/>
    <property name="sun.java.launcher" value="SUN_STANDARD"/>
    <property name="user.country" value="US"/>
    <property name="sun.boot.library.path" value="C:\Program Files\Java\jdk-21\bin"/>
    <property name="sun.java.command" value="C:\Users\JTPL-DES-032\AppData\Local\Temp\surefire7643734251912220131\surefirebooter-20250807170419637_3.jar C:\Users\JTPL-DES-032\AppData\Local\Temp\surefire7643734251912220131 2025-08-07T17-04-19_556-jvmRun1 surefire-20250807170419637_1tmp surefire_0-20250807170419637_2tmp"/>
    <property name="jdk.debug" value="release"/>
    <property name="surefire.test.class.path" value="C:\Users\JTPL-DES-032\connection\connection\target\test-classes;C:\Users\JTPL-DES-032\connection\connection\target\classes;C:\Users\JTPL-DES-032\.m2\repository\junit\junit\4.13.1\junit-4.13.1.jar;C:\Users\JTPL-DES-032\.m2\repository\org\hamcrest\hamcrest-core\1.3\hamcrest-core-1.3.jar;C:\Users\JTPL-DES-032\.m2\repository\io\dronefleet\mavlink\mavlink\1.1.11\mavlink-1.1.11.jar;C:\Users\JTPL-DES-032\.m2\repository\io\dronefleet\mavlink\mavlink-protocol\1.1.11\mavlink-protocol-1.1.11.jar;C:\Users\JTPL-DES-032\.m2\repository\org\json\json\20231013\json-20231013.jar;"/>
    <property name="sun.cpu.endian" value="little"/>
    <property name="user.home" value="C:\Users\JTPL-DES-032"/>
    <property name="user.language" value="en"/>
    <property name="java.specification.vendor" value="Oracle Corporation"/>
    <property name="java.version.date" value="2024-10-15"/>
    <property name="java.home" value="C:\Program Files\Java\jdk-21"/>
    <property name="file.separator" value="\"/>
    <property name="basedir" value="C:\Users\JTPL-DES-032\connection\connection"/>
    <property name="java.vm.compressedOopsMode" value="Zero based"/>
    <property name="line.separator" value="&#10;"/>
    <property name="java.vm.specification.vendor" value="Oracle Corporation"/>
    <property name="java.specification.name" value="Java Platform API Specification"/>
    <property name="surefire.real.class.path" value="C:\Users\JTPL-DES-032\AppData\Local\Temp\surefire7643734251912220131\surefirebooter-20250807170419637_3.jar"/>
    <property name="user.script" value=""/>
    <property name="sun.management.compiler" value="HotSpot 64-Bit Tiered Compilers"/>
    <property name="java.runtime.version" value="21.0.5+9-LTS-239"/>
    <property name="user.name" value="JTPL-DES-032"/>
    <property name="stdout.encoding" value="Cp1252"/>
    <property name="path.separator" value=";"/>
    <property name="os.version" value="10.0"/>
    <property name="java.runtime.name" value="Java(TM) SE Runtime Environment"/>
    <property name="file.encoding" value="UTF-8"/>
    <property name="java.vm.name" value="Java HotSpot(TM) 64-Bit Server VM"/>
    <property name="localRepository" value="C:\Users\JTPL-DES-032\.m2\repository"/>
    <property name="java.vendor.url.bug" value="https://bugreport.java.com/bugreport/"/>
    <property name="java.io.tmpdir" value="C:\Users\JTPL-D~1\AppData\Local\Temp\"/>
    <property name="java.version" value="21.0.5"/>
    <property name="user.dir" value="C:\Users\JTPL-DES-032\connection\connection"/>
    <property name="os.arch" value="amd64"/>
    <property name="java.vm.specification.name" value="Java Virtual Machine Specification"/>
    <property name="sun.os.patch.level" value=""/>
    <property name="native.encoding" value="Cp1252"/>
    <property name="java.library.path" value="C:\Program Files\Java\jdk-21\bin;C:\WINDOWS\Sun\Java\bin;C:\WINDOWS\system32;C:\WINDOWS;C:\Program Files\Eclipse Adoptium\jdk-17.0.16.8-hotspot;C:\Program Files\Common Files\Oracle\Java\javapath;C:\Program Files\Microsoft\jdk-17.0.13.11-hotspot\bin;C:\WINDOWS\system32;C:\WINDOWS;C:\WINDOWS\System32\Wbem;C:\WINDOWS\System32\WindowsPowerShell\v1.0\;C:\WINDOWS\System32\OpenSSH\;C:\ProgramData\chocolatey\bin;C:\Program Files\nodejs\;C:\Users\JTPL-DES-032\AppData\Local\Android\Sdk;C:\Users\JTPL-DES-032\AppData\Local\Android\Sdk\platform-tools;C:\Users\JTPL-DES-032\AppData\Roaming\npm;C:\Users\JTPL-DES-032\AppData\Roaming\npx;C:\Program Files (x86)\Windows Kits\10\Windows Performance Toolkit\;C:\Program Files\Git\cmd;C:\Program Files\Git\bin;c:\Users\JTPL-DES-032\AppData\Local\Programs\cursor\resources\app\bin;C:\Users\shubh\Downloads\platform-tools-latest-windows\platform-tools;C:\Users\JTPL-DES-032\Downloads\gradle-9.0.0-all\gradle-9.0.0\bin;C:\Qt\5.15.2\android_arm64_v8a\bin\qmake.exe;C:\Program Files (x86)\Incredibuild;C:\msys64\ucrt64\bin;C:\Users\shubh\Documents\flutter_windows_3.29.0-stable\flutter;C:\Users\shubh\Documents\flutter_windows_3.29.0-stable\flutter\bin;C:\Users\JTPL-DES-032\AppData\Local\Android\Sdk\emulator;C:\Program Files\Java\jdk-21\bin;C:\Program Files\Apache Software Foundation\Tomcat 9.0\bin;C:\Users\JTPL-DES-032\Downloads\maven-mvnd-1.0.2-windows-amd64\maven-mvnd-1.0.2-windows-amd64\mvn\bin;C:\Users\JTPL-DES-032\AppData\Local\Programs\Python\Python310\Scripts\;C:\Users\JTPL-DES-032\AppData\Local\Programs\Python\Python310\;C:\Users\JTPL-DES-032\AppData\Local\Programs\Python\Launcher\;C:\Users\JTPL-DES-032\AppData\Local\Android\Sdk\tools;C:\Users\JTPL-DES-032\AppData\Local\Microsoft\WindowsApps;C:\Users\JTPL-DES-032\AppData\Roaming\npm;C:\Users\JTPL-DES-032\AppData\Local\Android\Sdk\platform-tools;C:\ProgramData\chocolatey\bin;C:\Users\JTPL-DES-032\AppData\Roaming\npx;C:\Users\JTPL-DES-032\AppData\Local\Programs\Microsoft VS Code\bin;C:\Program Files\JetBrains\IntelliJ IDEA Community Edition 2025.1.1.1\bin;C:\Users\JTPL-DES-032\AppData\Local\Programs\Ollama;C:\Users\shubh\Documents\flutter_windows_3.29.0-stable\flutter;C:\Program Files\Git\bin;C:\Users\shubh\Downloads\platform-tools-latest-windows\platform-tools;C:\Users\JTPL-DES-032\Downloads\gradle-9.0.0-all\gradle-9.0.0\bin;C:\Users\shubh\Documents\flutter_windows_3.29.0-stable\flutter;C:\tools\dart-sdk\bin;C:\Users\JTPL-DES-032\AppData\Local\Pub\Cache\bin;D:\flutter sdk\flutter_windows_3.29.0-stable\flutter;D:\flutter sdk\flutter_windows_3.29.0-stable\flutter\bin;C:\Users\JTPL-DES-032\AppData\Local\Android\Sdk\emulator;C:\Users\JTPL-DES-032\Downloads\maven-mvnd-1.0.2-windows-amd64\maven-mvnd-1.0.2-windows-amd64\bin;;."/>
    <property name="java.vm.info" value="mixed mode, sharing"/>
    <property name="stderr.encoding" value="Cp1252"/>
    <property name="java.vendor" value="Oracle Corporation"/>
    <property name="java.vm.version" value="21.0.5+9-LTS-239"/>
    <property name="sun.io.unicode.encoding" value="UnicodeLittle"/>
    <property name="java.class.version" value="65.0"/>
  </properties>
  <testcase name="shouldAnswerWithTrue" classname="com.johnnette.AppTest" time="0.004"/>
</testsuite>